Chunk Number: 1
Comparing user input "Row operations" - to chunk with text: 9
Sample Test Questions With Solutions
Problem 1.
...
Similarity Score: 0.26011448952163424
Chunk Number: 2
Comparing user input "Row operations" - to chunk with text: Chapter 9. Sample Test Questions With Solutions
11...
Similarity Score: 0.254785908501812
Chunk Number: 3
Comparing user input "Row operations" - to chunk with text: Chapter 9. Sample Test Questions With Solutions
12...
Similarity Score: 0.2559307679600945
Chunk Number: 4
Comparing user input "Row operations" - to chunk with text: Chapter 9. Sample Test Questions With Solutions
12...
Similarity Score: 0.2539597191514254
Chunk Number: 5
Comparing user input "Row operations" - to chunk with text: Chapter 9. Sample Test Questions With Solutions
12...
Similarity Score: 0.2075225599540346
Chunk Number: 1
Comparing user input "matrix multiplication" - to chunk with text: 9
Sample Test Questions With Solutions
Problem 1.
...
Similarity Score: 0.4132479933142684
Chunk Number: 2
Comparing user input "matrix multiplication" - to chunk with text: Chapter 9. Sample Test Questions With Solutions
11...
Similarity Score: 0.3941177327593549
Chunk Number: 3
Comparing user input "matrix multiplication" - to chunk with text: Chapter 9. Sample Test Questions With Solutions
12...
Similarity Score: 0.3909627000150255
Chunk Number: 4
Comparing user input "matrix multiplication" - to chunk with text: Chapter 9. Sample Test Questions With Solutions
12...
Similarity Score: 0.40556268528283745
Chunk Number: 5
Comparing user input "matrix multiplication" - to chunk with text: Chapter 9. Sample Test Questions With Solutions
12...
Similarity Score: 0.3416847063519075
Chunk Number: 1
Comparing user input "Problem 3" - to chunk with text: 9
Sample Test Questions With Solutions
Problem 1.
...
Similarity Score: 0.41508822605593265
Chunk Number: 2
Comparing user input "Problem 3" - to chunk with text: Chapter 9. Sample Test Questions With Solutions
11...
Similarity Score: 0.43179013804608596
Chunk Number: 3
Comparing user input "Problem 3" - to chunk with text: Chapter 9. Sample Test Questions With Solutions
12...
Similarity Score: 0.4007831633670904
Chunk Number: 4
Comparing user input "Problem 3" - to chunk with text: Chapter 9. Sample Test Questions With Solutions
12...
Similarity Score: 0.4361725505033951
Chunk Number: 5
Comparing user input "Problem 3" - to chunk with text: Chapter 9. Sample Test Questions With Solutions
12...
Similarity Score: 0.39880967161415015
